[ERROR] COMPILATION ERROR : 
[ERROR] /home/lsh/repo/ext-gson/src/main/java/lsh/ext/gson/IBuilder1.java:[61,11] error: [return] incompatible types in return.
[ERROR] /home/lsh/repo/ext-gson/src/main/java/lsh/ext/gson/IBuilder1.java:[98,11] error: [return] incompatible types in return.
[ERROR] /home/lsh/repo/ext-gson/src/main/java/lsh/ext/gson/IBuilder2.java:[61,11] error: [return] incompatible types in return.
[ERROR] /home/lsh/repo/ext-gson/src/main/java/lsh/ext/gson/IBuilder2.java:[102,11] error: [return] incompatible types in return.
[ERROR] /home/lsh/repo/ext-gson/src/main/java/lsh/ext/gson/IModule.java:[15,16] error: [override.return] Incompatible return type.
[ERROR] /home/lsh/repo/ext-gson/src/main/java/lsh/ext/gson/IModule.java:[21,25] error: [override.return] Incompatible return type.
[ERROR] /home/lsh/repo/ext-gson/src/main/java/lsh/ext/gson/IModule.java:[31,25] error: [override.return] Incompatible return type.
[ERROR] /home/lsh/repo/ext-gson/src/main/java/lsh/ext/gson/IModule.java:[49,25] error: [override.return] Incompatible return type.
[ERROR] /home/lsh/repo/ext-gson/src/main/java/lsh/ext/gson/ITypeAdapterFactory.java:[18,16] error: [override.return] Incompatible return type.
[ERROR] /home/lsh/repo/ext-gson/src/main/java/lsh/ext/gson/ITypeAdapterFactory.java:[42,25] error: [override.return] Incompatible return type.
[ERROR] /home/lsh/repo/ext-gson/src/main/java/lsh/ext/gson/ITypeAdapterFactory.java:[91,25] error: [override.return] Incompatible return type.
[ERROR] /home/lsh/repo/ext-gson/src/main/java/lsh/ext/gson/JsonObjects.java:[23,21] error: [argument] incompatible argument for parameter value of JsonObject.add.
[ERROR] /home/lsh/repo/ext-gson/src/main/java/lsh/ext/gson/JsonObjects.java:[32,21] error: [argument] incompatible argument for parameter value of JsonObject.add.
[ERROR] /home/lsh/repo/ext-gson/src/main/java/lsh/ext/gson/JsonObjects.java:[33,21] error: [argument] incompatible argument for parameter value of JsonObject.add.
[ERROR] /home/lsh/repo/ext-gson/src/main/java/lsh/ext/gson/JsonObjects.java:[43,21] error: [argument] incompatible argument for parameter value of JsonObject.add.
[ERROR] /home/lsh/repo/ext-gson/src/main/java/lsh/ext/gson/JsonObjects.java:[44,21] error: [argument] incompatible argument for parameter value of JsonObject.add.
[ERROR] /home/lsh/repo/ext-gson/src/main/java/lsh/ext/gson/JsonObjects.java:[45,21] error: [argument] incompatible argument for parameter value of JsonObject.add.
[ERROR] /home/lsh/repo/ext-gson/src/main/java/lsh/ext/gson/JsonObjects.java:[56,21] error: [argument] incompatible argument for parameter value of JsonObject.add.
[ERROR] /home/lsh/repo/ext-gson/src/main/java/lsh/ext/gson/JsonObjects.java:[57,21] error: [argument] incompatible argument for parameter value of JsonObject.add.
[ERROR] /home/lsh/repo/ext-gson/src/main/java/lsh/ext/gson/JsonObjects.java:[58,21] error: [argument] incompatible argument for parameter value of JsonObject.add.
[ERROR] /home/lsh/repo/ext-gson/src/main/java/lsh/ext/gson/JsonObjects.java:[59,21] error: [argument] incompatible argument for parameter value of JsonObject.add.
[ERROR] /home/lsh/repo/ext-gson/src/main/java/lsh/ext/gson/SingleEntryTypeAdapter.java:[53,29] error: [argument] incompatible argument for parameter arg0 of BiFunction.apply.
[ERROR] /home/lsh/repo/ext-gson/src/main/java/lsh/ext/gson/SingleEntryTypeAdapter.java:[53,35] error: [argument] incompatible argument for parameter arg1 of BiFunction.apply.
[ERROR] /home/lsh/repo/ext-gson/src/main/java/lsh/ext/gson/adapters/AbstractPolymorphicTypeAdapter.java:[54,56] error: [dereference.of.nullable] dereference of possibly-null reference value
[ERROR] /home/lsh/repo/ext-gson/src/main/java/lsh/ext/gson/adapters/AbstractPolymorphicTypeAdapter.java:[93,30] error: [override.return] Incompatible return type.
[ERROR] /home/lsh/repo/ext-gson/src/main/java/lsh/ext/gson/adapters/AbstractPolymorphicTypeAdapter.java:[124,10] error: [type.argument.inference.crashed] Type argument inference crashed for Streamed constructor
[ERROR] /home/lsh/repo/ext-gson/src/main/java/lsh/ext/gson/adapters/AbstractPolymorphicTypeAdapter.java:[124,10] error: [type.argument.inference.crashed] Type argument inference crashed for Streamed constructor
[ERROR] /home/lsh/repo/ext-gson/src/main/java/lsh/ext/gson/adapters/AbstractPolymorphicTypeAdapter.java:[198,11] error: [type.argument.inference.crashed] Type argument inference crashed for Factory constructor
[ERROR] /home/lsh/repo/ext-gson/src/main/java/lsh/ext/gson/adapters/AbstractPolymorphicTypeAdapter.java:[198,11] error: [type.argument.inference.crashed] Type argument inference crashed for Factory constructor
[ERROR] /home/lsh/repo/ext-gson/src/main/java/lsh/ext/gson/adapters/AbstractPolymorphicTypeAdapter.java:[212,31] error: [type.argument.inference.crashed] Type argument inference crashed for Streamed.getInstance
[ERROR] /home/lsh/repo/ext-gson/src/main/java/lsh/ext/gson/adapters/AbstractPolymorphicTypeAdapter.java:[212,31] error: [type.argument.inference.crashed] Type argument inference crashed for Streamed.getInstance
[ERROR] /home/lsh/repo/ext-gson/src/main/java/lsh/ext/gson/adapters/AbstractPolymorphicTypeAdapter.java:[239,10] error: [type.argument.inference.crashed] Type argument inference crashed for JsonTree constructor
[ERROR] /home/lsh/repo/ext-gson/src/main/java/lsh/ext/gson/adapters/AbstractPolymorphicTypeAdapter.java:[239,10] error: [type.argument.inference.crashed] Type argument inference crashed for JsonTree constructor
[ERROR] /home/lsh/repo/ext-gson/src/main/java/lsh/ext/gson/adapters/AbstractPolymorphicTypeAdapter.java:[257,9] error: [dereference.of.nullable] dereference of possibly-null reference jsonObjectWithDiscriminator
[ERROR] /home/lsh/repo/ext-gson/src/main/java/lsh/ext/gson/adapters/AbstractPolymorphicTypeAdapter.java:[291,11] error: [type.argument.inference.crashed] Type argument inference crashed for Factory constructor
[ERROR] /home/lsh/repo/ext-gson/src/main/java/lsh/ext/gson/adapters/AbstractPolymorphicTypeAdapter.java:[291,11] error: [type.argument.inference.crashed] Type argument inference crashed for Factory constructor
[ERROR] /home/lsh/repo/ext-gson/src/main/java/lsh/ext/gson/adapters/AbstractPolymorphicTypeAdapter.java:[305,31] error: [type.argument.inference.crashed] Type argument inference crashed for JsonTree.getInstance
[ERROR] /home/lsh/repo/ext-gson/src/main/java/lsh/ext/gson/adapters/AbstractPolymorphicTypeAdapter.java:[305,31] error: [type.argument.inference.crashed] Type argument inference crashed for JsonTree.getInstance
[ERROR] /home/lsh/repo/ext-gson/src/main/java/lsh/ext/gson/adapters/EncodedTypeTypeAdapter.java:[46,36] error: [argument] incompatible argument for parameter arg0 of Function.apply.
[ERROR] /home/lsh/repo/ext-gson/src/main/java/lsh/ext/gson/adapters/EncodedTypeTypeAdapter.java:[49,14] error: [argument] incompatible argument for parameter src of Gson.toJson.
[ERROR] /home/lsh/repo/ext-gson/src/main/java/lsh/ext/gson/adapters/FailSafeTypeAdapter.java:[23,20] error: [type.arguments.not.inferred] Could not infer type arguments for FailSafeTypeAdapter.getInstance
[ERROR] /home/lsh/repo/ext-gson/src/main/java/lsh/ext/gson/adapters/FailSafeTypeAdapter.java:[39,8] error: [override.return] Incompatible return type.
[ERROR] /home/lsh/repo/ext-gson/src/main/java/lsh/ext/gson/adapters/PrePostTypeAdapter.java:[78,24] error: [override.return] Incompatible return type.
[ERROR] /home/lsh/repo/ext-gson/src/main/java/lsh/ext/gson/ext/com/google/common/collect/GuavaCollectTypeAdapter.java:[36,42] error: [type.arguments.not.inferred] Could not infer type arguments for Container2TypeAdapter.getInstance
[ERROR] /home/lsh/repo/ext-gson/src/main/java/lsh/ext/gson/ext/com/google/common/collect/GuavaCollectTypeAdapter.java:[86,13] error: [initialization.field.uninitialized] the default constructor does not initialize field element
[ERROR] /home/lsh/repo/ext-gson/src/main/java/lsh/ext/gson/ext/com/jayway/jsonpath/JsonPathTypeAdapter.java:[57,60] error: [argument] incompatible argument for parameter jsonTree of TypeAdapter.fromJsonTree.
[ERROR] /home/lsh/repo/ext-gson/src/main/java/lsh/ext/gson/ext/com/jayway/jsonpath/JsonPathTypeAdapter.java:[58,30] error: [argument] incompatible argument for parameter outerValue of IAccessor.assignFound.
[ERROR] /home/lsh/repo/ext-gson/src/main/java/lsh/ext/gson/ext/com/jayway/jsonpath/JsonPathTypeAdapter.java:[58,42] error: [argument] incompatible argument for parameter innerValue of IAccessor.assignFound.
[ERROR] /home/lsh/repo/ext-gson/src/main/java/lsh/ext/gson/ext/com/jayway/jsonpath/JsonPathTypeAdapter.java:[60,33] error: [argument] incompatible argument for parameter outerValue of IAccessor.assignNotFound.
[ERROR] /home/lsh/repo/ext-gson/src/main/java/lsh/ext/gson/ext/com/jayway/jsonpath/JsonPathTypeAdapter.java:[95,24] error: [override.return] Incompatible return type.
[ERROR] /home/lsh/repo/ext-gson/src/main/java/lsh/ext/gson/ext/com/jayway/jsonpath/JsonPathTypeAdapter.java:[114,26] error: [super.wildcard] bounds must have the same annotations.
[ERROR] /home/lsh/repo/ext-gson/src/main/java/lsh/ext/gson/ext/com/jayway/jsonpath/JsonPathTypeAdapter.java:[114,42] error: [super.wildcard] bounds must have the same annotations.
[ERROR] /home/lsh/repo/ext-gson/src/main/java/lsh/ext/gson/ext/com/jayway/jsonpath/ReflectiveAccessors.java:[33,36] error: [super.wildcard] bounds must have the same annotations.
[ERROR] /home/lsh/repo/ext-gson/src/main/java/lsh/ext/gson/ext/com/jayway/jsonpath/ReflectiveAccessors.java:[33,52] error: [super.wildcard] bounds must have the same annotations.
[ERROR] /home/lsh/repo/ext-gson/src/main/java/lsh/ext/gson/ext/com/jayway/jsonpath/ReflectiveAccessors.java:[38,23] error: [super.wildcard] bounds must have the same annotations.
[ERROR] /home/lsh/repo/ext-gson/src/main/java/lsh/ext/gson/ext/com/jayway/jsonpath/ReflectiveAccessors.java:[38,39] error: [super.wildcard] bounds must have the same annotations.
[ERROR] /home/lsh/repo/ext-gson/src/main/java/lsh/ext/gson/ext/com/jayway/jsonpath/ReflectiveAccessors.java:[77,36] error: [super.wildcard] bounds must have the same annotations.
[ERROR] /home/lsh/repo/ext-gson/src/main/java/lsh/ext/gson/ext/com/jayway/jsonpath/ReflectiveAccessors.java:[77,52] error: [super.wildcard] bounds must have the same annotations.
[ERROR] /home/lsh/repo/ext-gson/src/main/java/lsh/ext/gson/ext/com/jayway/jsonpath/ReflectiveAccessors.java:[82,23] error: [super.wildcard] bounds must have the same annotations.
[ERROR] /home/lsh/repo/ext-gson/src/main/java/lsh/ext/gson/ext/com/jayway/jsonpath/ReflectiveAccessors.java:[82,39] error: [super.wildcard] bounds must have the same annotations.
[ERROR] /home/lsh/repo/ext-gson/src/main/java/lsh/ext/gson/ext/java/util/OptionalDoubleTypeAdapter.java:[27,72] error: [annotations.on.use] invalid type: annotations [@Initialized, @Nullable] conflict with declaration of type java.util.OptionalDouble
[ERROR] /home/lsh/repo/ext-gson/src/main/java/lsh/ext/gson/ext/java/util/OptionalIntTypeAdapter.java:[27,69] error: [annotations.on.use] invalid type: annotations [@Initialized, @Nullable] conflict with declaration of type java.util.OptionalInt
[ERROR] /home/lsh/repo/ext-gson/src/main/java/lsh/ext/gson/ext/java/util/OptionalLongTypeAdapter.java:[27,70] error: [annotations.on.use] invalid type: annotations [@Initialized, @Nullable] conflict with declaration of type java.util.OptionalLong
[ERROR] /home/lsh/repo/ext-gson/src/main/java/lsh/ext/gson/ext/java/util/OptionalTypeAdapter.java:[26,69] error: [annotations.on.use] invalid type: annotations [@Initialized, @Nullable] conflict with declaration of type java.util.Optional
[ERROR] /home/lsh/repo/ext-gson/src/main/java/lsh/ext/gson/ext/org/apache/commons/collections4/ApacheCommonsCollections4TypeAdapter.java:[52,79] error: [argument] incompatible argument for parameter arg0 of Bag.getCount.
[ERROR] /home/lsh/repo/ext-gson/src/main/java/lsh/ext/gson/ext/org/apache/commons/collections4/ApacheCommonsCollections4TypeAdapterFactory.java:[107,108] error: [type.arguments.not.inferred] Could not infer type arguments for ApacheCommonsCollections4TypeAdapterFactory.forIterableMap
[ERROR] /home/lsh/repo/ext-gson/src/main/java/lsh/ext/gson/ext/org/apache/commons/collections4/Builder.java:[56,10] error: [override.return] Incompatible return type.
[ERROR] Failed to execute goal org.apache.maven.plugins:maven-compiler-plugin:3.13.0:compile (default-compile) on project ext.gson: Compilation failure: Compilation failure: 
[ERROR] /home/lsh/repo/ext-gson/src/main/java/lsh/ext/gson/IBuilder1.java:[61,11] error: [return] incompatible types in return.
[ERROR]   type of expression: AUX[ extends @Initialized @Nullable Object super @Initialized @Nullable Void]
[ERROR]   method return type: AUX[ extends @Initialized @Nullable Object super @Initialized @NonNull Void]
[ERROR] /home/lsh/repo/ext-gson/src/main/java/lsh/ext/gson/IBuilder1.java:[98,11] error: [return] incompatible types in return.
[ERROR]   type of expression: CA[ extends @Initialized @Nullable Object super @Initialized @Nullable Void]
[ERROR]   method return type: CA[ extends @Initialized @Nullable Object super @Initialized @NonNull Void]
[ERROR] /home/lsh/repo/ext-gson/src/main/java/lsh/ext/gson/IBuilder2.java:[61,11] error: [return] incompatible types in return.
[ERROR]   type of expression: AUX[ extends @Initialized @Nullable Object super @Initialized @Nullable Void]
[ERROR]   method return type: AUX[ extends @Initialized @Nullable Object super @Initialized @NonNull Void]
[ERROR] /home/lsh/repo/ext-gson/src/main/java/lsh/ext/gson/IBuilder2.java:[102,11] error: [return] incompatible types in return.
[ERROR]   type of expression: CA[ extends @Initialized @Nullable Object super @Initialized @Nullable Void]
[ERROR]   method return type: CA[ extends @Initialized @Nullable Object super @Initialized @NonNull Void]
[ERROR] /home/lsh/repo/ext-gson/src/main/java/lsh/ext/gson/IModule.java:[15,16] error: [override.return] Incompatible return type.
[ERROR]   found   : @Initialized @Nullable TypeAdapter<T extends @Initialized @Nullable Object>
[ERROR]   required: @Initialized @NonNull TypeAdapter<T extends @Initialized @Nullable Object>
[ERROR]   Consequence: method in @Initialized @NonNull IModule
[ERROR]     <T extends @Initialized @Nullable Object> @Initialized @Nullable TypeAdapter<T extends @Initialized @Nullable Object> create(@Initialized @NonNull IModule this, @Initialized @NonNull Gson p0, @Initialized @NonNull TypeToken<T extends @Initialized @Nullable Object> p1)
[ERROR]   cannot override method in @Initialized @NonNull TypeAdapterFactory
[ERROR]     <T extends @Initialized @Nullable Object> @Initialized @NonNull TypeAdapter<T extends @Initialized @Nullable Object> create(@Initialized @NonNull TypeAdapterFactory this, @Initialized @NonNull Gson p0, @Initialized @NonNull TypeToken<T extends @Initialized @Nullable Object> p1)
[ERROR] /home/lsh/repo/ext-gson/src/main/java/lsh/ext/gson/IModule.java:[21,25] error: [override.return] Incompatible return type.
[ERROR]   found   : @Initialized @Nullable TypeAdapter<T extends @Initialized @Nullable Object>
[ERROR]   required: @Initialized @NonNull TypeAdapter<T extends @Initialized @Nullable Object>
[ERROR]   Consequence: method in @Initialized @NonNull <anonymous lsh.ext.gson.IModule$1>
[ERROR]     <T extends @Initialized @Nullable Object> @Initialized @Nullable TypeAdapter<T extends @Initialized @Nullable Object> create(@Initialized @NonNull <anonymous lsh.ext.gson.IModule$1> this, @Initialized @NonNull Gson p0, @Initialized @NonNull TypeToken<T extends @Initialized @Nullable Object> p1)
[ERROR]   cannot override method in @Initialized @NonNull TypeAdapterFactory
[ERROR]     <T extends @Initialized @Nullable Object> @Initialized @NonNull TypeAdapter<T extends @Initialized @Nullable Object> create(@Initialized @NonNull TypeAdapterFactory this, @Initialized @NonNull Gson p0, @Initialized @NonNull TypeToken<T extends @Initialized @Nullable Object> p1)
[ERROR] /home/lsh/repo/ext-gson/src/main/java/lsh/ext/gson/IModule.java:[31,25] error: [override.return] Incompatible return type.
[ERROR]   found   : @Initialized @Nullable TypeAdapter<T extends @Initialized @Nullable Object>
[ERROR]   required: @Initialized @NonNull TypeAdapter<T extends @Initialized @Nullable Object>
[ERROR]   Consequence: method in @Initialized @NonNull <anonymous lsh.ext.gson.IModule$2>
[ERROR]     <T extends @Initialized @Nullable Object> @Initialized @Nullable TypeAdapter<T extends @Initialized @Nullable Object> create(@Initialized @NonNull <anonymous lsh.ext.gson.IModule$2> this, @Initialized @NonNull Gson p0, @Initialized @NonNull TypeToken<T extends @Initialized @Nullable Object> p1)
[ERROR]   cannot override method in @Initialized @NonNull TypeAdapterFactory
[ERROR]     <T extends @Initialized @Nullable Object> @Initialized @NonNull TypeAdapter<T extends @Initialized @Nullable Object> create(@Initialized @NonNull TypeAdapterFactory this, @Initialized @NonNull Gson p0, @Initialized @NonNull TypeToken<T extends @Initialized @Nullable Object> p1)
[ERROR] /home/lsh/repo/ext-gson/src/main/java/lsh/ext/gson/IModule.java:[49,25] error: [override.return] Incompatible return type.
[ERROR]   found   : @Initialized @Nullable TypeAdapter<T extends @Initialized @Nullable Object>
[ERROR]   required: @Initialized @NonNull TypeAdapter<T extends @Initialized @Nullable Object>
[ERROR]   Consequence: method in @Initialized @NonNull <anonymous lsh.ext.gson.IModule$3>
[ERROR]     <T extends @Initialized @Nullable Object> @Initialized @Nullable TypeAdapter<T extends @Initialized @Nullable Object> create(@Initialized @NonNull <anonymous lsh.ext.gson.IModule$3> this, @Initialized @NonNull Gson p0, @Initialized @NonNull TypeToken<T extends @Initialized @Nullable Object> p1)
[ERROR]   cannot override method in @Initialized @NonNull TypeAdapterFactory
[ERROR]     <T extends @Initialized @Nullable Object> @Initialized @NonNull TypeAdapter<T extends @Initialized @Nullable Object> create(@Initialized @NonNull TypeAdapterFactory this, @Initialized @NonNull Gson p0, @Initialized @NonNull TypeToken<T extends @Initialized @Nullable Object> p1)
[ERROR] /home/lsh/repo/ext-gson/src/main/java/lsh/ext/gson/ITypeAdapterFactory.java:[18,16] error: [override.return] Incompatible return type.
[ERROR]   found   : @Initialized @Nullable TypeAdapter<T extends @Initialized @Nullable Object>
[ERROR]   required: @Initialized @NonNull TypeAdapter<T extends @Initialized @Nullable Object>
[ERROR]   Consequence: method in @Initialized @NonNull ITypeAdapterFactory<K extends @Initialized @Nullable Object>
[ERROR]     <T extends @Initialized @Nullable Object> @Initialized @Nullable TypeAdapter<T extends @Initialized @Nullable Object> create(@Initialized @NonNull ITypeAdapterFactory<K extends @Initialized @Nullable Object> this, @Initialized @NonNull Gson p0, @Initialized @NonNull TypeToken<T extends @Initialized @Nullable Object> p1)
[ERROR]   cannot override method in @Initialized @NonNull TypeAdapterFactory
[ERROR]     <T extends @Initialized @Nullable Object> @Initialized @NonNull TypeAdapter<T extends @Initialized @Nullable Object> create(@Initialized @NonNull TypeAdapterFactory this, @Initialized @NonNull Gson p0, @Initialized @NonNull TypeToken<T extends @Initialized @Nullable Object> p1)
[ERROR] /home/lsh/repo/ext-gson/src/main/java/lsh/ext/gson/ITypeAdapterFactory.java:[42,25] error: [override.return] Incompatible return type.
[ERROR]   found   : @Initialized @Nullable TypeAdapter<T extends @Initialized @Nullable Object>
[ERROR]   required: @Initialized @NonNull TypeAdapter<T extends @Initialized @Nullable Object>
[ERROR]   Consequence: method in @Initialized @NonNull <anonymous lsh.ext.gson.ITypeAdapterFactory$1>
[ERROR]     <T extends @Initialized @Nullable Object> @Initialized @Nullable TypeAdapter<T extends @Initialized @Nullable Object> create(@Initialized @NonNull <anonymous lsh.ext.gson.ITypeAdapterFactory$1> this, @Initialized @NonNull Gson p0, @Initialized @NonNull TypeToken<T extends @Initialized @Nullable Object> p1)
[ERROR]   cannot override method in @Initialized @NonNull TypeAdapterFactory
[ERROR]     <T extends @Initialized @Nullable Object> @Initialized @NonNull TypeAdapter<T extends @Initialized @Nullable Object> create(@Initialized @NonNull TypeAdapterFactory this, @Initialized @NonNull Gson p0, @Initialized @NonNull TypeToken<T extends @Initialized @Nullable Object> p1)
[ERROR] /home/lsh/repo/ext-gson/src/main/java/lsh/ext/gson/ITypeAdapterFactory.java:[91,25] error: [override.return] Incompatible return type.
[ERROR]   found   : @Initialized @Nullable TypeAdapter<T extends @Initialized @Nullable Object>
[ERROR]   required: @Initialized @NonNull TypeAdapter<T extends @Initialized @Nullable Object>
[ERROR]   Consequence: method in @Initialized @NonNull <anonymous lsh.ext.gson.ITypeAdapterFactory$2>
[ERROR]     <T extends @Initialized @Nullable Object> @Initialized @Nullable TypeAdapter<T extends @Initialized @Nullable Object> create(@Initialized @NonNull <anonymous lsh.ext.gson.ITypeAdapterFactory$2> this, @Initialized @NonNull Gson p0, @Initialized @NonNull TypeToken<T extends @Initialized @Nullable Object> p1)
[ERROR]   cannot override method in @Initialized @NonNull TypeAdapterFactory
[ERROR]     <T extends @Initialized @Nullable Object> @Initialized @NonNull TypeAdapter<T extends @Initialized @Nullable Object> create(@Initialized @NonNull TypeAdapterFactory this, @Initialized @NonNull Gson p0, @Initialized @NonNull TypeToken<T extends @Initialized @Nullable Object> p1)
[ERROR] /home/lsh/repo/ext-gson/src/main/java/lsh/ext/gson/JsonObjects.java:[23,21] error: [argument] incompatible argument for parameter value of JsonObject.add.
[ERROR]   found   : @Initialized @Nullable JsonElement
[ERROR]   required: @Initialized @NonNull JsonElement
[ERROR] /home/lsh/repo/ext-gson/src/main/java/lsh/ext/gson/JsonObjects.java:[32,21] error: [argument] incompatible argument for parameter value of JsonObject.add.
[ERROR]   found   : @Initialized @Nullable JsonElement
[ERROR]   required: @Initialized @NonNull JsonElement
[ERROR] /home/lsh/repo/ext-gson/src/main/java/lsh/ext/gson/JsonObjects.java:[33,21] error: [argument] incompatible argument for parameter value of JsonObject.add.
[ERROR]   found   : @Initialized @Nullable JsonElement
[ERROR]   required: @Initialized @NonNull JsonElement
[ERROR] /home/lsh/repo/ext-gson/src/main/java/lsh/ext/gson/JsonObjects.java:[43,21] error: [argument] incompatible argument for parameter value of JsonObject.add.
[ERROR]   found   : @Initialized @Nullable JsonElement
[ERROR]   required: @Initialized @NonNull JsonElement
[ERROR] /home/lsh/repo/ext-gson/src/main/java/lsh/ext/gson/JsonObjects.java:[44,21] error: [argument] incompatible argument for parameter value of JsonObject.add.
[ERROR]   found   : @Initialized @Nullable JsonElement
[ERROR]   required: @Initialized @NonNull JsonElement
[ERROR] /home/lsh/repo/ext-gson/src/main/java/lsh/ext/gson/JsonObjects.java:[45,21] error: [argument] incompatible argument for parameter value of JsonObject.add.
[ERROR]   found   : @Initialized @Nullable JsonElement
[ERROR]   required: @Initialized @NonNull JsonElement
[ERROR] /home/lsh/repo/ext-gson/src/main/java/lsh/ext/gson/JsonObjects.java:[56,21] error: [argument] incompatible argument for parameter value of JsonObject.add.
[ERROR]   found   : @Initialized @Nullable JsonElement
[ERROR]   required: @Initialized @NonNull JsonElement
[ERROR] /home/lsh/repo/ext-gson/src/main/java/lsh/ext/gson/JsonObjects.java:[57,21] error: [argument] incompatible argument for parameter value of JsonObject.add.
[ERROR]   found   : @Initialized @Nullable JsonElement
[ERROR]   required: @Initialized @NonNull JsonElement
[ERROR] /home/lsh/repo/ext-gson/src/main/java/lsh/ext/gson/JsonObjects.java:[58,21] error: [argument] incompatible argument for parameter value of JsonObject.add.
[ERROR]   found   : @Initialized @Nullable JsonElement
[ERROR]   required: @Initialized @NonNull JsonElement
[ERROR] /home/lsh/repo/ext-gson/src/main/java/lsh/ext/gson/JsonObjects.java:[59,21] error: [argument] incompatible argument for parameter value of JsonObject.add.
[ERROR]   found   : @Initialized @Nullable JsonElement
[ERROR]   required: @Initialized @NonNull JsonElement
[ERROR] /home/lsh/repo/ext-gson/src/main/java/lsh/ext/gson/SingleEntryTypeAdapter.java:[53,29] error: [argument] incompatible argument for parameter arg0 of BiFunction.apply.
[ERROR]   found   : null (NullType)
[ERROR]   required: capture#01 extends @Initialized @Nullable Object super K extends @Initialized @Nullable Object
[ERROR] /home/lsh/repo/ext-gson/src/main/java/lsh/ext/gson/SingleEntryTypeAdapter.java:[53,35] error: [argument] incompatible argument for parameter arg1 of BiFunction.apply.
[ERROR]   found   : null (NullType)
[ERROR]   required: capture#02 extends @Initialized @Nullable Object super V extends @Initialized @Nullable Object
[ERROR] /home/lsh/repo/ext-gson/src/main/java/lsh/ext/gson/adapters/AbstractPolymorphicTypeAdapter.java:[54,56] error: [dereference.of.nullable] dereference of possibly-null reference value
[ERROR] /home/lsh/repo/ext-gson/src/main/java/lsh/ext/gson/adapters/AbstractPolymorphicTypeAdapter.java:[93,30] error: [override.return] Incompatible return type.
[ERROR]   found   : @Initialized @Nullable TypeAdapter<T extends @Initialized @Nullable Object>
[ERROR]   required: @Initialized @NonNull TypeAdapter<T extends @Initialized @Nullable Object>
[ERROR]   Consequence: method in @Initialized @NonNull AbstractFactory<K extends @Initialized @Nullable Object>
[ERROR]     <T extends @Initialized @Nullable Object> @Initialized @Nullable TypeAdapter<T extends @Initialized @Nullable Object> create(@Initialized @NonNull AbstractFactory<K extends @Initialized @Nullable Object> this, @Initialized @NonNull Gson p0, @Initialized @NonNull TypeToken<T extends @Initialized @Nullable Object> p1)
[ERROR]   cannot override method in @Initialized @NonNull TypeAdapterFactory
[ERROR]     <T extends @Initialized @Nullable Object> @Initialized @NonNull TypeAdapter<T extends @Initialized @Nullable Object> create(@Initialized @NonNull TypeAdapterFactory this, @Initialized @NonNull Gson p0, @Initialized @NonNull TypeToken<T extends @Initialized @Nullable Object> p1)
[ERROR] /home/lsh/repo/ext-gson/src/main/java/lsh/ext/gson/adapters/AbstractPolymorphicTypeAdapter.java:[124,10] error: [type.argument.inference.crashed] Type argument inference crashed for Streamed constructor
[ERROR]   error: An exception occurred:  False bound for: Constraint: inference type: capture#431 of ? extends T <: T extends Object Result: FALSE
[ERROR] /home/lsh/repo/ext-gson/src/main/java/lsh/ext/gson/adapters/AbstractPolymorphicTypeAdapter.java:[124,10] error: [type.argument.inference.crashed] Type argument inference crashed for Streamed constructor
[ERROR]   error: An exception occurred:  False bound for: Constraint: inference type: capture#34 of ? extends T <: T extends @Initialized @Nullable Object Result: FALSE
[ERROR] /home/lsh/repo/ext-gson/src/main/java/lsh/ext/gson/adapters/AbstractPolymorphicTypeAdapter.java:[198,11] error: [type.argument.inference.crashed] Type argument inference crashed for Factory constructor
[ERROR]   error: An exception occurred:  False bound for: Constraint: inference type: capture#468 of ? extends T <: T extends Object Result: FALSE
[ERROR] /home/lsh/repo/ext-gson/src/main/java/lsh/ext/gson/adapters/AbstractPolymorphicTypeAdapter.java:[198,11] error: [type.argument.inference.crashed] Type argument inference crashed for Factory constructor
[ERROR]   error: An exception occurred:  False bound for: Constraint: inference type: capture#906 of ? extends T <: T extends @Initialized @Nullable Object Result: FALSE
[ERROR] /home/lsh/repo/ext-gson/src/main/java/lsh/ext/gson/adapters/AbstractPolymorphicTypeAdapter.java:[212,31] error: [type.argument.inference.crashed] Type argument inference crashed for Streamed.getInstance
[ERROR]   error: An exception occurred:  False bound for: Constraint: inference type: capture#657 of ? extends T <: T extends Object Result: FALSE
[ERROR] /home/lsh/repo/ext-gson/src/main/java/lsh/ext/gson/adapters/AbstractPolymorphicTypeAdapter.java:[212,31] error: [type.argument.inference.crashed] Type argument inference crashed for Streamed.getInstance
[ERROR]   error: An exception occurred:  False bound for: Constraint: inference type: capture#345 of ? extends T <: T extends @Initialized @Nullable Object Result: FALSE
[ERROR] /home/lsh/repo/ext-gson/src/main/java/lsh/ext/gson/adapters/AbstractPolymorphicTypeAdapter.java:[239,10] error: [type.argument.inference.crashed] Type argument inference crashed for JsonTree constructor
[ERROR]   error: An exception occurred:  False bound for: Constraint: inference type: capture#411 of ? extends T <: T extends Object Result: FALSE
[ERROR] /home/lsh/repo/ext-gson/src/main/java/lsh/ext/gson/adapters/AbstractPolymorphicTypeAdapter.java:[239,10] error: [type.argument.inference.crashed] Type argument inference crashed for JsonTree constructor
[ERROR]   error: An exception occurred:  False bound for: Constraint: inference type: capture#832 of ? extends T <: T extends @Initialized @Nullable Object Result: FALSE
[ERROR] /home/lsh/repo/ext-gson/src/main/java/lsh/ext/gson/adapters/AbstractPolymorphicTypeAdapter.java:[257,9] error: [dereference.of.nullable] dereference of possibly-null reference jsonObjectWithDiscriminator
[ERROR] /home/lsh/repo/ext-gson/src/main/java/lsh/ext/gson/adapters/AbstractPolymorphicTypeAdapter.java:[291,11] error: [type.argument.inference.crashed] Type argument inference crashed for Factory constructor
[ERROR]   error: An exception occurred:  False bound for: Constraint: inference type: capture#824 of ? extends T <: T extends Object Result: FALSE
[ERROR] /home/lsh/repo/ext-gson/src/main/java/lsh/ext/gson/adapters/AbstractPolymorphicTypeAdapter.java:[291,11] error: [type.argument.inference.crashed] Type argument inference crashed for Factory constructor
[ERROR]   error: An exception occurred:  False bound for: Constraint: inference type: capture#650 of ? extends T <: T extends @Initialized @Nullable Object Result: FALSE
[ERROR] /home/lsh/repo/ext-gson/src/main/java/lsh/ext/gson/adapters/AbstractPolymorphicTypeAdapter.java:[305,31] error: [type.argument.inference.crashed] Type argument inference crashed for JsonTree.getInstance
[ERROR]   error: An exception occurred:  False bound for: Constraint: inference type: capture#839 of ? extends T <: T extends Object Result: FALSE
[ERROR] /home/lsh/repo/ext-gson/src/main/java/lsh/ext/gson/adapters/AbstractPolymorphicTypeAdapter.java:[305,31] error: [type.argument.inference.crashed] Type argument inference crashed for JsonTree.getInstance
[ERROR]   error: An exception occurred:  False bound for: Constraint: inference type: capture#448 of ? extends T <: T extends @Initialized @Nullable Object Result: FALSE
[ERROR] /home/lsh/repo/ext-gson/src/main/java/lsh/ext/gson/adapters/EncodedTypeTypeAdapter.java:[46,36] error: [argument] incompatible argument for parameter arg0 of Function.apply.
[ERROR]   found   : T extends @Initialized @Nullable Object
[ERROR]   required: @Initialized @NonNull Object
[ERROR] /home/lsh/repo/ext-gson/src/main/java/lsh/ext/gson/adapters/EncodedTypeTypeAdapter.java:[49,14] error: [argument] incompatible argument for parameter src of Gson.toJson.
[ERROR]   found   : T extends @Initialized @Nullable Object
[ERROR]   required: @Initialized @NonNull Object
[ERROR] /home/lsh/repo/ext-gson/src/main/java/lsh/ext/gson/adapters/FailSafeTypeAdapter.java:[23,20] error: [type.arguments.not.inferred] Could not infer type arguments for FailSafeTypeAdapter.getInstance
[ERROR]   unsatisfiable constraint: T extends @Initialized @Nullable Object <: T extends @Initialized @Nullable Object
[ERROR] /home/lsh/repo/ext-gson/src/main/java/lsh/ext/gson/adapters/FailSafeTypeAdapter.java:[39,8] error: [override.return] Incompatible return type.
[ERROR]   found   : T[ extends @Initialized @Nullable Object super @Initialized @Nullable Void]
[ERROR]   required: T[ extends @Initialized @Nullable Object super @Initialized @NonNull Void]
[ERROR]   Consequence: method in @Initialized @NonNull FailSafeTypeAdapter<T extends @Initialized @Nullable Object>
[ERROR]     T extends @Initialized @Nullable Object read(@Initialized @NonNull FailSafeTypeAdapter<T extends @Initialized @Nullable Object> this, @Initialized @NonNull JsonReader p0) throws @Initialized @NonNull IOException
[ERROR]   cannot override method in @Initialized @NonNull TypeAdapter<T extends @Initialized @Nullable Object>
[ERROR]     T extends @Initialized @Nullable Object read(@Initialized @NonNull TypeAdapter<T extends @Initialized @Nullable Object> this, @Initialized @NonNull JsonReader p0) throws @Initialized @NonNull IOException
[ERROR] /home/lsh/repo/ext-gson/src/main/java/lsh/ext/gson/adapters/PrePostTypeAdapter.java:[78,24] error: [override.return] Incompatible return type.
[ERROR]   found   : @Initialized @Nullable TypeAdapter<T extends @Initialized @Nullable Object>
[ERROR]   required: @Initialized @NonNull TypeAdapter<T extends @Initialized @Nullable Object>
[ERROR]   Consequence: method in @Initialized @NonNull Factory<TT extends @Initialized @Nullable Object>
[ERROR]     <T extends @Initialized @Nullable Object> @Initialized @Nullable TypeAdapter<T extends @Initialized @Nullable Object> create(@Initialized @NonNull Factory<TT extends @Initialized @Nullable Object> this, @Initialized @NonNull Gson p0, @Initialized @NonNull TypeToken<T extends @Initialized @Nullable Object> p1)
[ERROR]   cannot override method in @Initialized @NonNull TypeAdapterFactory
[ERROR]     <T extends @Initialized @Nullable Object> @Initialized @NonNull TypeAdapter<T extends @Initialized @Nullable Object> create(@Initialized @NonNull TypeAdapterFactory this, @Initialized @NonNull Gson p0, @Initialized @NonNull TypeToken<T extends @Initialized @Nullable Object> p1)
[ERROR] /home/lsh/repo/ext-gson/src/main/java/lsh/ext/gson/ext/com/google/common/collect/GuavaCollectTypeAdapter.java:[36,42] error: [type.arguments.not.inferred] Could not infer type arguments for Container2TypeAdapter.getInstance
[ERROR]   unsatisfiable constraint: @org.checkerframework.checker.nullness.qual.UnknownKeyFor <: @org.checkerframework.checker.nullness.qual.KeyFor({"map"})
[ERROR] /home/lsh/repo/ext-gson/src/main/java/lsh/ext/gson/ext/com/google/common/collect/GuavaCollectTypeAdapter.java:[86,13] error: [initialization.field.uninitialized] the default constructor does not initialize field element
[ERROR] /home/lsh/repo/ext-gson/src/main/java/lsh/ext/gson/ext/com/jayway/jsonpath/JsonPathTypeAdapter.java:[57,60] error: [argument] incompatible argument for parameter jsonTree of TypeAdapter.fromJsonTree.
[ERROR]   found   : @Initialized @Nullable JsonElement
[ERROR]   required: @Initialized @NonNull JsonElement
[ERROR] /home/lsh/repo/ext-gson/src/main/java/lsh/ext/gson/ext/com/jayway/jsonpath/JsonPathTypeAdapter.java:[58,30] error: [argument] incompatible argument for parameter outerValue of IAccessor.assignFound.
[ERROR]   found   : T extends @Initialized @Nullable Object
[ERROR]   required: @Initialized @NonNull Object
[ERROR] /home/lsh/repo/ext-gson/src/main/java/lsh/ext/gson/ext/com/jayway/jsonpath/JsonPathTypeAdapter.java:[58,42] error: [argument] incompatible argument for parameter innerValue of IAccessor.assignFound.
[ERROR]   found   : @Initialized @Nullable Object
[ERROR]   required: @Initialized @NonNull Object
[ERROR] /home/lsh/repo/ext-gson/src/main/java/lsh/ext/gson/ext/com/jayway/jsonpath/JsonPathTypeAdapter.java:[60,33] error: [argument] incompatible argument for parameter outerValue of IAccessor.assignNotFound.
[ERROR]   found   : T extends @Initialized @Nullable Object
[ERROR]   required: @Initialized @NonNull Object
[ERROR] /home/lsh/repo/ext-gson/src/main/java/lsh/ext/gson/ext/com/jayway/jsonpath/JsonPathTypeAdapter.java:[95,24] error: [override.return] Incompatible return type.
[ERROR]   found   : @Initialized @Nullable TypeAdapter<T extends @Initialized @Nullable Object>
[ERROR]   required: @Initialized @NonNull TypeAdapter<T extends @Initialized @Nullable Object>
[ERROR]   Consequence: method in @Initialized @NonNull Factory<T extends @Initialized @Nullable Object>
[ERROR]     <T extends @Initialized @Nullable Object> @Initialized @Nullable TypeAdapter<T extends @Initialized @Nullable Object> create(@Initialized @NonNull Factory<T extends @Initialized @Nullable Object> this, @Initialized @NonNull Gson p0, @Initialized @NonNull TypeToken<T extends @Initialized @Nullable Object> p1)
[ERROR]   cannot override method in @Initialized @NonNull TypeAdapterFactory
[ERROR]     <T extends @Initialized @Nullable Object> @Initialized @NonNull TypeAdapter<T extends @Initialized @Nullable Object> create(@Initialized @NonNull TypeAdapterFactory this, @Initialized @NonNull Gson p0, @Initialized @NonNull TypeToken<T extends @Initialized @Nullable Object> p1)
[ERROR] /home/lsh/repo/ext-gson/src/main/java/lsh/ext/gson/ext/com/jayway/jsonpath/JsonPathTypeAdapter.java:[114,26] error: [super.wildcard] bounds must have the same annotations.
[ERROR]   super bound  : @Initialized @Nullable Object
[ERROR]   extends bound: @Initialized @NonNull Object
[ERROR] /home/lsh/repo/ext-gson/src/main/java/lsh/ext/gson/ext/com/jayway/jsonpath/JsonPathTypeAdapter.java:[114,42] error: [super.wildcard] bounds must have the same annotations.
[ERROR]   super bound  : @Initialized @Nullable Object
[ERROR]   extends bound: @Initialized @NonNull Object
[ERROR] /home/lsh/repo/ext-gson/src/main/java/lsh/ext/gson/ext/com/jayway/jsonpath/ReflectiveAccessors.java:[33,36] error: [super.wildcard] bounds must have the same annotations.
[ERROR]   super bound  : @Initialized @Nullable Object
[ERROR]   extends bound: @Initialized @NonNull Object
[ERROR] /home/lsh/repo/ext-gson/src/main/java/lsh/ext/gson/ext/com/jayway/jsonpath/ReflectiveAccessors.java:[33,52] error: [super.wildcard] bounds must have the same annotations.
[ERROR]   super bound  : @Initialized @Nullable Object
[ERROR]   extends bound: @Initialized @NonNull Object
[ERROR] /home/lsh/repo/ext-gson/src/main/java/lsh/ext/gson/ext/com/jayway/jsonpath/ReflectiveAccessors.java:[38,23] error: [super.wildcard] bounds must have the same annotations.
[ERROR]   super bound  : @Initialized @Nullable Object
[ERROR]   extends bound: @Initialized @NonNull Object
[ERROR] /home/lsh/repo/ext-gson/src/main/java/lsh/ext/gson/ext/com/jayway/jsonpath/ReflectiveAccessors.java:[38,39] error: [super.wildcard] bounds must have the same annotations.
[ERROR]   super bound  : @Initialized @Nullable Object
[ERROR]   extends bound: @Initialized @NonNull Object
[ERROR] /home/lsh/repo/ext-gson/src/main/java/lsh/ext/gson/ext/com/jayway/jsonpath/ReflectiveAccessors.java:[77,36] error: [super.wildcard] bounds must have the same annotations.
[ERROR]   super bound  : @Initialized @Nullable Object
[ERROR]   extends bound: @Initialized @NonNull Object
[ERROR] /home/lsh/repo/ext-gson/src/main/java/lsh/ext/gson/ext/com/jayway/jsonpath/ReflectiveAccessors.java:[77,52] error: [super.wildcard] bounds must have the same annotations.
[ERROR]   super bound  : @Initialized @Nullable Object
[ERROR]   extends bound: @Initialized @NonNull Object
[ERROR] /home/lsh/repo/ext-gson/src/main/java/lsh/ext/gson/ext/com/jayway/jsonpath/ReflectiveAccessors.java:[82,23] error: [super.wildcard] bounds must have the same annotations.
[ERROR]   super bound  : @Initialized @Nullable Object
[ERROR]   extends bound: @Initialized @NonNull Object
[ERROR] /home/lsh/repo/ext-gson/src/main/java/lsh/ext/gson/ext/com/jayway/jsonpath/ReflectiveAccessors.java:[82,39] error: [super.wildcard] bounds must have the same annotations.
[ERROR]   super bound  : @Initialized @Nullable Object
[ERROR]   extends bound: @Initialized @NonNull Object
[ERROR] /home/lsh/repo/ext-gson/src/main/java/lsh/ext/gson/ext/java/util/OptionalDoubleTypeAdapter.java:[27,72] error: [annotations.on.use] invalid type: annotations [@Initialized, @Nullable] conflict with declaration of type java.util.OptionalDouble
[ERROR] /home/lsh/repo/ext-gson/src/main/java/lsh/ext/gson/ext/java/util/OptionalIntTypeAdapter.java:[27,69] error: [annotations.on.use] invalid type: annotations [@Initialized, @Nullable] conflict with declaration of type java.util.OptionalInt
[ERROR] /home/lsh/repo/ext-gson/src/main/java/lsh/ext/gson/ext/java/util/OptionalLongTypeAdapter.java:[27,70] error: [annotations.on.use] invalid type: annotations [@Initialized, @Nullable] conflict with declaration of type java.util.OptionalLong
[ERROR] /home/lsh/repo/ext-gson/src/main/java/lsh/ext/gson/ext/java/util/OptionalTypeAdapter.java:[26,69] error: [annotations.on.use] invalid type: annotations [@Initialized, @Nullable] conflict with declaration of type java.util.Optional
[ERROR] /home/lsh/repo/ext-gson/src/main/java/lsh/ext/gson/ext/org/apache/commons/collections4/ApacheCommonsCollections4TypeAdapter.java:[52,79] error: [argument] incompatible argument for parameter arg0 of Bag.getCount.
[ERROR]   found   : E extends @Initialized @Nullable Object
[ERROR]   required: @Initialized @NonNull Object
[ERROR] /home/lsh/repo/ext-gson/src/main/java/lsh/ext/gson/ext/org/apache/commons/collections4/ApacheCommonsCollections4TypeAdapterFactory.java:[107,108] error: [type.arguments.not.inferred] Could not infer type arguments for ApacheCommonsCollections4TypeAdapterFactory.forIterableMap
[ERROR]   unsatisfiable constraint: @Initialized @NonNull IterableMap<@Initialized @NonNull String, @Initialized @NonNull Object> <: @Initialized @NonNull IterableMap<@Initialized @Nullable Object, @Initialized @Nullable Object>
[ERROR] /home/lsh/repo/ext-gson/src/main/java/lsh/ext/gson/ext/org/apache/commons/collections4/Builder.java:[56,10] error: [override.return] Incompatible return type.
[ERROR]   found   : EO extends @Initialized @Nullable KeyValue<K extends @Initialized @Nullable Object, V extends @Initialized @Nullable Object>
[ERROR]   required: EO extends @Initialized @NonNull KeyValue<K extends @Initialized @Nullable Object, V extends @Initialized @Nullable Object>
[ERROR]   Consequence: method in @Initialized @NonNull <anonymous lsh.ext.gson.ext.org.apache.commons.collections4.Builder$1>
[ERROR]     EO extends @Initialized @Nullable KeyValue<K extends @Initialized @Nullable Object, V extends @Initialized @Nullable Object> build(@Initialized @NonNull <anonymous lsh.ext.gson.ext.org.apache.commons.collections4.Builder$1> this)
[ERROR]   cannot override method in @Initialized @NonNull IBuilder2<K extends @Initialized @Nullable Object, V extends @Initialized @Nullable Object, EO extends @Initialized @NonNull KeyValue<K extends @Initialized @Nullable Object, V extends @Initialized @Nullable Object>>
[ERROR]     EO extends @Initialized @NonNull KeyValue<K extends @Initialized @Nullable Object, V extends @Initialized @Nullable Object> build(@Initialized @NonNull IBuilder2<K extends @Initialized @Nullable Object, V extends @Initialized @Nullable Object, EO extends @Initialized @NonNull KeyValue<K extends @Initialized @Nullable Object, V extends @Initialized @Nullable Object>> this)
[ERROR] -> [Help 1]
[ERROR] 
[ERROR] To see the full stack trace of the errors, re-run Maven with the -e switch.
[ERROR] Re-run Maven using the -X switch to enable full debug logging.
[ERROR] 
[ERROR] For more information about the errors and possible solutions, please read the following articles:
[ERROR] [Help 1] http://cwiki.apache.org/confluence/display/MAVEN/MojoFailureException
